2018-01-29 16:07:12,212 :: DEBUG :: CreateCollection - create RGV_geneDB collection
2018-01-29 16:07:12,213 :: DEBUG :: CreateCollection - create RGV_geneDB collection
2018-01-29 16:07:12,213 :: ERROR :: global name 'data_path' is not defined
2018-01-29 16:07:37,214 :: DEBUG :: CreateCollection - create RGV_geneDB collection
2018-01-29 16:07:37,215 :: DEBUG :: CreateCollection - create RGV_geneDB collection
2018-01-29 16:07:37,215 :: ERROR :: [Errno 2] No such file or directory: 'genes_DB.rdb'
2018-01-29 16:07:57,173 :: DEBUG :: CreateCollection - create RGV_geneDB collection
2018-01-29 16:07:57,174 :: DEBUG :: CreateCollection - create RGV_geneDB collection
2018-01-29 16:07:57,174 :: ERROR :: [Errno 2] No such file or directory: 'genes_DB.rdb'
2018-01-29 16:08:30,851 :: DEBUG :: CreateCollection - create RGV_geneDB collection
2018-03-14 16:28:55,603 :: DEBUG :: CreateCollection - create RGV_geneDB collection
2018-03-14 16:28:55,610 :: DEBUG :: CreateCollection - create RGV_geneDB collection
2018-03-14 16:28:55,610 :: ERROR :: [Errno 2] No such file or directory: 'ERROR - Not enougth file provided'
2018-03-15 08:09:00,176 :: DEBUG :: CreateCollection - create RGV_geneDB collection
2018-03-15 08:09:00,188 :: DEBUG :: CreateCollection - create RGV_geneDB collection
2018-03-15 08:09:00,189 :: ERROR :: [Errno 2] No such file or directory: '/var/folders/69/lq729j8s0t18f4wjmf6p_hv00000gp/T/tmpoH6TMN/RGV_database_genes.txt'
2018-03-15 08:29:56,346 :: DEBUG :: CreateCollection - create RGV_geneDB collection
2018-03-15 08:41:15,094 :: DEBUG :: CreateCollection - create RGV_geneDB collection
2018-03-15 08:41:15,094 :: ERROR :: 
2018-03-15 09:06:04,405 :: DEBUG :: CreateCollection - create RGV_geneDB collection
2018-03-15 10:49:39,409 :: DEBUG :: CreateCollection - create RGV_geneDB collection
2018-03-15 10:49:39,412 :: ERROR :: 
2018-03-16 20:35:30,519 :: DEBUG :: CreateCollection - create RGV_geneDB collection
2018-03-16 20:39:24,726 :: DEBUG :: CreateCollection - create RGV_geneDB collection
2018-03-16 20:44:00,265 :: DEBUG :: CreateCollection - create RGV_geneDB collection
2018-03-20 16:14:46,856 :: DEBUG :: CreateCollection - create RGV_geneDB collection
2018-03-20 16:17:53,878 :: DEBUG :: CreateCollection - create RGV_geneDB collection
2018-03-20 16:17:53,878 :: ERROR :: 'file' object has no attribute '__getitem__'
2018-03-20 16:27:08,522 :: DEBUG :: CreateCollection - create RGV_geneDB collection
2018-03-20 16:31:28,603 :: DEBUG :: CreateCollection - create RGV_geneDB collection
2018-03-20 16:31:28,603 :: ERROR :: 'file' object has no attribute '__getitem__'
2018-03-20 16:34:23,519 :: DEBUG :: CreateCollection - create RGV_geneDB collection
2018-03-20 16:38:00,337 :: DEBUG :: CreateCollection - create RGV_geneDB collection
2018-03-20 16:38:00,338 :: ERROR :: 'file' object has no attribute '__getitem__'
2018-03-20 16:42:04,786 :: DEBUG :: CreateCollection - create RGV_geneDB collection
2018-03-20 16:45:41,286 :: DEBUG :: CreateCollection - create RGV_geneDB collection
2018-03-20 16:45:41,286 :: ERROR :: 'file' object has no attribute '__getitem__'
2018-03-20 16:50:43,837 :: DEBUG :: CreateCollection - create RGV_geneDB collection
2018-03-20 16:53:49,598 :: DEBUG :: CreateCollection - create RGV_geneDB collection
2018-03-20 16:58:16,679 :: DEBUG :: CreateCollection - create RGV_geneDB collection
